<?xml version="1.0" encoding="UTF-8"?>
<!-- Generated by org.testng.reporters.JUnitReportReporter -->
<testsuite hostname="MX-POWELL-QA1L" failures="0" tests="3" name="com.HRM.Testcases.LoginTest" time="8.129" errors="0" timestamp="2021-11-22T22:13:29 CST" skipped="0">
  <testcase classname="com.HRM.Testcases.LoginTest" name="logindetails" time="7.210"/>
  <system-out/>
  <testcase classname="com.HRM.Testcases.LoginTest" name="Forgetpas" time="0.907"/>
  <system-out/>
  <testcase classname="com.HRM.Testcases.LoginTest" name="Checktitle" time="0.012"/>
  <system-out/>
</testsuite> <!-- com.HRM.Testcases.LoginTest -->
